src/011_SistemInfoSetting-UAS/SistemInfoSettings/app/build/intermediates/manifest_merge_blame_file/debug/manifest-merger-blame-debug-report.txt
1<?xml version="1.0" encoding="utf-8"?>
2<manifest xmlns:android="http://schemas.android.com/apk/res/android"
3    package="com.rian.sisteminfosetting"
4    android:versionCode="17"
5    android:versionName="1.0.6" >
6
7    <uses-sdk
8        android:minSdkVersion="8"
8-->src/main/AndroidManifest.xml
9        android:targetSdkVersion="19" />
9-->src/main/AndroidManifest.xml
10
11    <uses-permission android:name="android.permission.WRITE_EXTERNAL_STORAGE" />
11-->src/main/AndroidManifest.xml:7:5-81
11-->src/main/AndroidManifest.xml:7:22-78
12    <uses-permission android:name="android.permission.ACCESS_SUPERUSER" />
12-->src/main/AndroidManifest.xml:8:5-75
12-->src/main/AndroidManifest.xml:8:22-72
13
14    <application
14-->src/main/AndroidManifest.xml:10:5-24:19
15        android:allowBackup="true"
15-->src/main/AndroidManifest.xml:11:9-35
16        android:debuggable="true"
17        android:icon="@drawable/ic_launcher"
17-->src/main/AndroidManifest.xml:12:9-45
18        android:label="@string/app_name"
18-->src/main/AndroidManifest.xml:13:9-41
19        android:theme="@style/AppTheme" >
19-->src/main/AndroidManifest.xml:14:9-40
20        <activity
20-->src/main/AndroidManifest.xml:15:9-23:20
21            android:name="com.rian.sisteminfosetting.MainActivity"
21-->src/main/AndroidManifest.xml:16:13-67
22            android:label="@string/app_name" >
22-->src/main/AndroidManifest.xml:17:13-45
23            <intent-filter>
23-->src/main/AndroidManifest.xml:18:13-22:29
24                <action android:name="android.intent.action.MAIN" />
24-->src/main/AndroidManifest.xml:19:17-69
24-->src/main/AndroidManifest.xml:19:25-66
25
26                <category android:name="android.intent.category.LAUNCHER" />
26-->src/main/AndroidManifest.xml:21:17-77
26-->src/main/AndroidManifest.xml:21:27-74
27            </intent-filter>
28        </activity>
29    </application>
30
31</manifest>